Build started 13/04/2016 21:25:36.
     1>Project "c:\Users\Orion\documents\visual studio 2013\Projects\Exemplo_fread_s_Microsoft\Exemplo_fread_s_Microsoft\Exemplo_fread_s_Microsoft.vcxproj" on node 2 (Rebuild target(s)).
     1>C:\Program Files (x86)\MSBuild\Microsoft.Cpp\v4.0\V120\Microsoft.CppClean.targets(76,5): warning : Access to the path 'c:\users\orion\documents\visual studio 2013\projects\exemplo_fread_s_microsoft\debug\exemplo_fread_s_microsoft.exe' is denied.
     1>ClCompile:
         C:\Program Files (x86)\Microsoft Visual Studio 12.0\VC\bin\CL.exe /c /ZI /nologo /W3 /WX- /sdl /Od /Oy- /D WIN32 /D _DEBUG /D _CONSOLE /D _LIB /D _UNICODE /D UNICODE /Gm /EHsc /RTC1 /MDd /GS /fp:precise /Zc:wchar_t /Zc:forScope /Fo"Debug\\" /Fd"Debug\vc120.pdb" /Gd /TP /analyze- /errorReport:prompt Exemplo_fread_s.cpp
         Exemplo_fread_s.cpp
       Link:
         C:\Program Files (x86)\Microsoft Visual Studio 12.0\VC\bin\link.exe /ERRORREPORT:PROMPT /OUT:"c:\users\orion\documents\visual studio 2013\Projects\Exemplo_fread_s_Microsoft\Debug\Exemplo_fread_s_Microsoft.exe" /INCREMENTAL /NOLOGO kernel32.lib user32.lib gdi32.lib winspool.lib comdlg32.lib advapi32.lib shell32.lib ole32.lib oleaut32.lib uuid.lib odbc32.lib odbccp32.lib /MANIFEST /MANIFESTUAC:"level='asInvoker' uiAccess='false'" /manifest:embed /DEBUG /PDB:"c:\users\orion\documents\visual studio 2013\Projects\Exemplo_fread_s_Microsoft\Debug\Exemplo_fread_s_Microsoft.pdb" /SUBSYSTEM:CONSOLE /TLBID:1 /DYNAMICBASE /NXCOMPAT /IMPLIB:"c:\users\orion\documents\visual studio 2013\Projects\Exemplo_fread_s_Microsoft\Debug\Exemplo_fread_s_Microsoft.lib" /MACHINE:X86 Debug\Exemplo_fread_s.obj
     1>LINK : fatal error LNK1104: cannot open file 'c:\users\orion\documents\visual studio 2013\Projects\Exemplo_fread_s_Microsoft\Debug\Exemplo_fread_s_Microsoft.exe'
     1>Done Building Project "c:\Users\Orion\documents\visual studio 2013\Projects\Exemplo_fread_s_Microsoft\Exemplo_fread_s_Microsoft\Exemplo_fread_s_Microsoft.vcxproj" (Rebuild target(s)) -- FAILED.

Build FAILED.

Time Elapsed 00:00:00.80
